android/app/build/intermediates/manifest_merge_blame_file/debug/manifest-merger-blame-debug-report.txt
1<?xml version="1.0" encoding="utf-8"?>
2<manifest xmlns:android="http://schemas.android.com/apk/res/android"
3    package="com.react_native_office"
4    android:versionCode="1"
5    android:versionName="1.0" >
6
7    <uses-sdk
8        android:minSdkVersion="21"
9        android:targetSdkVersion="31" />
10
11    <uses-permission android:name="android.permission.SYSTEM_ALERT_WINDOW" />
11-->src\debug\AndroidManifest.xml:5:5-77
11-->src\debug\AndroidManifest.xml:5:22-75
12    <uses-permission android:name="android.permission.INTERNET" />
12-->src\main\AndroidManifest.xml:4:5-67
12-->src\main\AndroidManifest.xml:4:22-64
13    <uses-permission android:name="android.permission.ACCESS_WIFI_STATE" />
13-->[com.facebook.flipper:flipper:0.125.0] AndroidManifest.xml:16:5-76
13-->[com.facebook.flipper:flipper:0.125.0] AndroidManifest.xml:16:22-73
14
15    <permission
15-->[:jpush-react-native] AndroidManifest.xml:9:5-11:47
16        android:name="com.react_native_office.permission.JPUSH_MESSAGE"
16-->[:jpush-react-native] AndroidManifest.xml:10:9-65
17        android:protectionLevel="signature" /> <!-- Required -->
17-->[:jpush-react-native] AndroidManifest.xml:11:9-44
18    <uses-permission android:name="com.react_native_office.permission.JPUSH_MESSAGE" />
18-->[:jpush-react-native] AndroidManifest.xml:14:5-81
18-->[:jpush-react-native] AndroidManifest.xml:14:22-78
19    <uses-permission android:name="android.permission.RECEIVE_USER_PRESENT" />
19-->[:jpush-react-native] AndroidManifest.xml:15:5-79
19-->[:jpush-react-native] AndroidManifest.xml:15:22-76
20    <uses-permission android:name="android.permission.READ_PHONE_STATE" />
20-->[:jpush-react-native] AndroidManifest.xml:17:5-75
20-->[:jpush-react-native] AndroidManifest.xml:17:22-72
21    <uses-permission android:name="android.permission.WRITE_EXTERNAL_STORAGE" />
21-->[:jpush-react-native] AndroidManifest.xml:18:5-81
21-->[:jpush-react-native] AndroidManifest.xml:18:22-78
22    <uses-permission android:name="android.permission.READ_EXTERNAL_STORAGE" />
22-->[:jpush-react-native] AndroidManifest.xml:19:5-80
22-->[:jpush-react-native] AndroidManifest.xml:19:22-77
23    <uses-permission android:name="android.permission.MOUNT_UNMOUNT_FILESYSTEMS" />
23-->[:jpush-react-native] AndroidManifest.xml:20:5-84
23-->[:jpush-react-native] AndroidManifest.xml:20:22-81
24    <uses-permission android:name="android.permission.ACCESS_NETWORK_STATE" /> <!-- Optional. Required for location feature -->
24-->[:jpush-react-native] AndroidManifest.xml:21:5-79
24-->[:jpush-react-native] AndroidManifest.xml:21:22-76
25    <uses-permission android:name="android.permission.ACCESS_BACKGROUND_LOCATION" />
25-->[:jpush-react-native] AndroidManifest.xml:25:5-85
25-->[:jpush-react-native] AndroidManifest.xml:25:22-82
26    <uses-permission android:name="android.permission.ACCESS_COARSE_LOCATION" />
26-->[:jpush-react-native] AndroidManifest.xml:27:5-81
26-->[:jpush-react-native] AndroidManifest.xml:27:22-78
27    <uses-permission android:name="android.permission.CHANGE_WIFI_STATE" />
27-->[:jpush-react-native] AndroidManifest.xml:28:5-76
27-->[:jpush-react-native] AndroidManifest.xml:28:22-73
28    <uses-permission android:name="android.permission.ACCESS_FINE_LOCATION" />
28-->[:jpush-react-native] AndroidManifest.xml:29:5-79
28-->[:jpush-react-native] AndroidManifest.xml:29:22-76
29    <uses-permission android:name="android.permission.ACCESS_LOCATION_EXTRA_COMMANDS" />
29-->[:jpush-react-native] AndroidManifest.xml:30:5-89
29-->[:jpush-react-native] AndroidManifest.xml:30:22-86
30    <uses-permission android:name="android.permission.CHANGE_NETWORK_STATE" />
30-->[:jpush-react-native] AndroidManifest.xml:31:5-79
30-->[:jpush-react-native] AndroidManifest.xml:31:22-76
31    <uses-permission android:name="android.permission.GET_TASKS" />
31-->[:jpush-react-native] AndroidManifest.xml:32:5-68
31-->[:jpush-react-native] AndroidManifest.xml:32:22-65
32    <uses-permission android:name="android.permission.VIBRATE" />
32-->[:jpush-react-native] AndroidManifest.xml:33:5-66
32-->[:jpush-react-native] AndroidManifest.xml:33:22-63
33    <uses-permission android:name="android.permission.QUERY_ALL_PACKAGES" />
33-->[:jpush-react-native] AndroidManifest.xml:34:5-77
33-->[:jpush-react-native] AndroidManifest.xml:34:22-74
34
35    <application
35-->src\main\AndroidManifest.xml:6:5-25:19
36        android:name="com.react_native_office.MainApplication"
36-->src\main\AndroidManifest.xml:7:7-38
37        android:allowBackup="false"
37-->src\main\AndroidManifest.xml:11:7-34
38        android:appComponentFactory="androidx.core.app.CoreComponentFactory"
38-->[androidx.core:core:1.7.0] AndroidManifest.xml:24:18-86
39        android:debuggable="true"
40        android:icon="@mipmap/ic_launcher"
40-->src\main\AndroidManifest.xml:9:7-41
41        android:label="@string/app_name"
41-->src\main\AndroidManifest.xml:8:7-39
42        android:roundIcon="@mipmap/ic_launcher_round"
42-->src\main\AndroidManifest.xml:10:7-52
43        android:theme="@style/AppTheme"
43-->src\main\AndroidManifest.xml:12:7-38
44        android:usesCleartextTraffic="true" >
44-->src\debug\AndroidManifest.xml:8:9-44
45        <activity
45-->src\debug\AndroidManifest.xml:11:9-111
46            android:name="com.facebook.react.devsupport.DevSettingsActivity"
46-->src\debug\AndroidManifest.xml:11:19-83
47            android:exported="false" />
47-->src\debug\AndroidManifest.xml:11:84-108
48        <activity
48-->src\main\AndroidManifest.xml:13:7-24:18
49            android:name="com.react_native_office.MainActivity"
49-->src\main\AndroidManifest.xml:14:9-37
50            android:configChanges="keyboard|keyboardHidden|orientation|screenLayout|screenSize|smallestScreenSize|uiMode"
50-->src\main\AndroidManifest.xml:16:9-118
51            android:exported="true"
51-->src\main\AndroidManifest.xml:19:9-32
52            android:label="@string/app_name"
52-->src\main\AndroidManifest.xml:15:9-41
53            android:launchMode="singleTask"
53-->src\main\AndroidManifest.xml:17:9-40
54            android:windowSoftInputMode="adjustResize" >
54-->src\main\AndroidManifest.xml:18:9-51
55            <intent-filter>
55-->src\main\AndroidManifest.xml:20:9-23:25
56                <action android:name="android.intent.action.MAIN" />
56-->src\main\AndroidManifest.xml:21:13-65
56-->src\main\AndroidManifest.xml:21:21-62
57
58                <category android:name="android.intent.category.LAUNCHER" />
58-->src\main\AndroidManifest.xml:22:13-73
58-->src\main\AndroidManifest.xml:22:23-70
59            </intent-filter>
60        </activity>
61        <activity
61-->[:jpush-react-native] AndroidManifest.xml:37:9-40:52
62            android:name="cn.jpush.android.ui.PopWinActivity"
62-->[:jpush-react-native] AndroidManifest.xml:38:13-62
63            android:exported="false"
63-->[:jpush-react-native] AndroidManifest.xml:39:13-37
64            android:theme="@style/MyDialogStyle" />
64-->[:jpush-react-native] AndroidManifest.xml:40:13-49
65        <activity
65-->[:jpush-react-native] AndroidManifest.xml:41:9-52:20
66            android:name="cn.jpush.android.ui.PushActivity"
66-->[:jpush-react-native] AndroidManifest.xml:42:13-60
67            android:configChanges="orientation|keyboardHidden"
67-->[:jpush-react-native] AndroidManifest.xml:43:13-63
68            android:exported="true"
68-->[:jpush-react-native] AndroidManifest.xml:44:13-36
69            android:theme="@android:style/Theme.NoTitleBar" >
69-->[:jpush-react-native] AndroidManifest.xml:45:13-60
70            <intent-filter>
70-->[:jpush-react-native] AndroidManifest.xml:46:13-51:29
71                <action android:name="cn.jpush.android.ui.PushActivity" />
71-->[:jpush-react-native] AndroidManifest.xml:47:17-75
71-->[:jpush-react-native] AndroidManifest.xml:47:25-72
72
73                <category android:name="android.intent.category.DEFAULT" />
73-->[:jpush-react-native] AndroidManifest.xml:49:17-76
73-->[:jpush-react-native] AndroidManifest.xml:49:27-73
74                <category android:name="com.react_native_office" />
74-->[:jpush-react-native] AndroidManifest.xml:50:17-61
74-->[:jpush-react-native] AndroidManifest.xml:50:27-58
75            </intent-filter>
76        </activity>
77        <activity
77-->[:jpush-react-native] AndroidManifest.xml:53:9-64:20
78            android:name="cn.jpush.android.service.JNotifyActivity"
78-->[:jpush-react-native] AndroidManifest.xml:54:13-68
79            android:exported="true"
79-->[:jpush-react-native] AndroidManifest.xml:55:13-36
80            android:taskAffinity="jpush.custom"
80-->[:jpush-react-native] AndroidManifest.xml:56:13-48
81            android:theme="@style/JPushTheme" >
81-->[:jpush-react-native] AndroidManifest.xml:57:13-46
82            <intent-filter>
82-->[:jpush-react-native] AndroidManifest.xml:58:13-63:29
83                <action android:name="cn.jpush.android.intent.JNotifyActivity" />
83-->[:jpush-react-native] AndroidManifest.xml:59:17-82
83-->[:jpush-react-native] AndroidManifest.xml:59:25-79
84
85                <category android:name="android.intent.category.DEFAULT" /> <!-- Required SDK核心功能 since 4.2.2 -->
85-->[:jpush-react-native] AndroidManifest.xml:49:17-76
85-->[:jpush-react-native] AndroidManifest.xml:49:27-73
86                <category android:name="com.react_native_office" />
86-->[:jpush-react-native] AndroidManifest.xml:50:17-61
86-->[:jpush-react-native] AndroidManifest.xml:50:27-58
87            </intent-filter>
88        </activity>
89
90        <receiver
90-->[:jpush-react-native] AndroidManifest.xml:66:9-75:20
91            android:name="cn.jiguang.plugins.push.receiver.JPushModuleReceiver"
91-->[:jpush-react-native] AndroidManifest.xml:67:13-80
92            android:enabled="true"
92-->[:jpush-react-native] AndroidManifest.xml:68:13-35
93            android:exported="false" >
93-->[:jpush-react-native] AndroidManifest.xml:69:13-37
94            <intent-filter>
94-->[:jpush-react-native] AndroidManifest.xml:70:13-74:29
95                <action android:name="cn.jpush.android.intent.RECEIVE_MESSAGE" />
95-->[:jpush-react-native] AndroidManifest.xml:71:17-82
95-->[:jpush-react-native] AndroidManifest.xml:71:25-79
96
97                <category android:name="com.react_native_office" />
97-->[:jpush-react-native] AndroidManifest.xml:50:17-61
97-->[:jpush-react-native] AndroidManifest.xml:50:27-58
98            </intent-filter>
99        </receiver>
100        <receiver
100-->[:jpush-react-native] AndroidManifest.xml:76:9-85:20
101            android:name="cn.jiguang.plugins.push.receiver.JPushBroadcastReceiver"
101-->[:jpush-react-native] AndroidManifest.xml:77:13-83
102            android:enabled="true"
102-->[:jpush-react-native] AndroidManifest.xml:78:13-35
103            android:exported="false" >
103-->[:jpush-react-native] AndroidManifest.xml:79:13-37
104            <intent-filter>
104-->[:jpush-react-native] AndroidManifest.xml:80:13-84:29
105                <action android:name="cn.jpush.android.intent.NOTIFICATION_OPENED" />
105-->[:jpush-react-native] AndroidManifest.xml:81:17-86
105-->[:jpush-react-native] AndroidManifest.xml:81:25-83
106
107                <category android:name="com.react_native_office" />
107-->[:jpush-react-native] AndroidManifest.xml:50:17-61
107-->[:jpush-react-native] AndroidManifest.xml:50:27-58
108            </intent-filter>
109        </receiver>
110        <receiver
110-->[:jpush-react-native] AndroidManifest.xml:86:9-88:40
111            android:name="cn.jpush.android.service.SchedulerReceiver"
111-->[:jpush-react-native] AndroidManifest.xml:87:13-70
112            android:exported="false" /> <!-- since 4.6.0 Required SDK核心功能 -->
112-->[:jpush-react-native] AndroidManifest.xml:88:13-37
113        <activity
113-->[:jpush-react-native] AndroidManifest.xml:90:9-101:20
114            android:name="cn.android.service.JTransitActivity"
114-->[:jpush-react-native] AndroidManifest.xml:91:13-63
115            android:exported="true"
115-->[:jpush-react-native] AndroidManifest.xml:92:13-36
116            android:taskAffinity="jpush.custom"
116-->[:jpush-react-native] AndroidManifest.xml:93:13-48
117            android:theme="@style/JPushTheme" >
117-->[:jpush-react-native] AndroidManifest.xml:94:13-46
118            <intent-filter>
118-->[:jpush-react-native] AndroidManifest.xml:95:13-100:29
119                <action android:name="cn.android.service.JTransitActivity" />
119-->[:jpush-react-native] AndroidManifest.xml:96:17-78
119-->[:jpush-react-native] AndroidManifest.xml:96:25-75
120
121                <category android:name="android.intent.category.DEFAULT" />
121-->[:jpush-react-native] AndroidManifest.xml:49:17-76
121-->[:jpush-react-native] AndroidManifest.xml:49:27-73
122                <category android:name="com.react_native_office" />
122-->[:jpush-react-native] AndroidManifest.xml:50:17-61
122-->[:jpush-react-native] AndroidManifest.xml:50:27-58
123            </intent-filter>
124        </activity>
125        <activity
125-->[:jpush-react-native] AndroidManifest.xml:102:9-113:20
126            android:name="cn.jpush.android.service.DActivity"
126-->[:jpush-react-native] AndroidManifest.xml:103:13-62
127            android:enabled="true"
127-->[:jpush-react-native] AndroidManifest.xml:104:13-35
128            android:exported="true"
128-->[:jpush-react-native] AndroidManifest.xml:105:13-36
129            android:taskAffinity="jpush.custom"
129-->[:jpush-react-native] AndroidManifest.xml:106:13-48
130            android:theme="@android:style/Theme.Translucent.NoTitleBar" >
130-->[:jpush-react-native] AndroidManifest.xml:107:13-72
131            <intent-filter>
131-->[:jpush-react-native] AndroidManifest.xml:108:13-112:29
132                <action android:name="cn.jpush.android.intent.DActivity" />
132-->[:jpush-react-native] AndroidManifest.xml:109:17-76
132-->[:jpush-react-native] AndroidManifest.xml:109:25-73
133
134                <category android:name="com.react_native_office" />
134-->[:jpush-react-native] AndroidManifest.xml:50:17-61
134-->[:jpush-react-native] AndroidManifest.xml:50:27-58
135            </intent-filter>
136        </activity>
137
138        <provider
138-->[androidx.emoji2:emoji2:1.0.0] AndroidManifest.xml:26:9-34:20
139            android:name="androidx.startup.InitializationProvider"
139-->[androidx.emoji2:emoji2:1.0.0] AndroidManifest.xml:27:13-67
140            android:authorities="com.react_native_office.androidx-startup"
140-->[androidx.emoji2:emoji2:1.0.0] AndroidManifest.xml:28:13-68
141            android:exported="false" >
141-->[androidx.emoji2:emoji2:1.0.0] AndroidManifest.xml:29:13-37
142            <meta-data
142-->[androidx.emoji2:emoji2:1.0.0] AndroidManifest.xml:31:13-33:52
143                android:name="androidx.emoji2.text.EmojiCompatInitializer"
143-->[androidx.emoji2:emoji2:1.0.0] AndroidManifest.xml:32:17-75
144                android:value="androidx.startup" />
144-->[androidx.emoji2:emoji2:1.0.0] AndroidManifest.xml:33:17-49
145            <meta-data
145-->[androidx.lifecycle:lifecycle-process:2.4.0] AndroidManifest.xml:31:13-33:52
146                android:name="androidx.lifecycle.ProcessLifecycleInitializer"
146-->[androidx.lifecycle:lifecycle-process:2.4.0] AndroidManifest.xml:32:17-78
147                android:value="androidx.startup" />
147-->[androidx.lifecycle:lifecycle-process:2.4.0] AndroidManifest.xml:33:17-49
148        </provider>
149    </application>
150
151</manifest>